\BOOKMARK [0][-]{chapter.1}{\376\377\0001\000\040\000B\000u\000g\000\040\000L\000i\000s\000t}{}% 1
\BOOKMARK [0][-]{chapter.2}{\376\377\0002\000\040\000D\000a\000t\000a\000\040\000S\000t\000r\000u\000c\000t\000u\000r\000e\000\040\000I\000n\000d\000e\000x}{}% 2
\BOOKMARK [1][-]{section.2.1}{\376\377\0002\000.\0001\000\040\000D\000a\000t\000a\000\040\000S\000t\000r\000u\000c\000t\000u\000r\000e\000s}{chapter.2}% 3
\BOOKMARK [0][-]{chapter.3}{\376\377\0003\000\040\000F\000i\000l\000e\000\040\000I\000n\000d\000e\000x}{}% 4
\BOOKMARK [1][-]{section.3.1}{\376\377\0003\000.\0001\000\040\000F\000i\000l\000e\000\040\000L\000i\000s\000t}{chapter.3}% 5
\BOOKMARK [0][-]{chapter.4}{\376\377\0004\000\040\000D\000a\000t\000a\000\040\000S\000t\000r\000u\000c\000t\000u\000r\000e\000\040\000D\000o\000c\000u\000m\000e\000n\000t\000a\000t\000i\000o\000n}{}% 6
\BOOKMARK [1][-]{section.4.1}{\376\377\0004\000.\0001\000\040\000C\000o\000n\000t\000a\000c\000t\000o\000\040\000S\000t\000r\000u\000c\000t\000\040\000R\000e\000f\000e\000r\000e\000n\000c\000e}{chapter.4}% 7
\BOOKMARK [2][-]{subsection.4.1.1}{\376\377\0004\000.\0001\000.\0001\000\040\000D\000e\000t\000a\000i\000l\000e\000d\000\040\000D\000e\000s\000c\000r\000i\000p\000t\000i\000o\000n}{section.4.1}% 8
\BOOKMARK [2][-]{subsection.4.1.2}{\376\377\0004\000.\0001\000.\0002\000\040\000F\000i\000e\000l\000d\000\040\000D\000o\000c\000u\000m\000e\000n\000t\000a\000t\000i\000o\000n}{section.4.1}% 9
\BOOKMARK [3][-]{subsubsection.4.1.2.1}{\376\377\0004\000.\0001\000.\0002\000.\0001\000\040\000d\000e\000s\000c}{subsection.4.1.2}% 10
\BOOKMARK [3][-]{subsubsection.4.1.2.2}{\376\377\0004\000.\0001\000.\0002\000.\0002\000\040\000v\000a\000l\000o\000r}{subsection.4.1.2}% 11
\BOOKMARK [1][-]{section.4.2}{\376\377\0004\000.\0002\000\040\000L\000i\000s\000t\000a\000C\000o\000n\000t\000a\000c\000t\000o\000s\000\040\000S\000t\000r\000u\000c\000t\000\040\000R\000e\000f\000e\000r\000e\000n\000c\000e}{chapter.4}% 12
\BOOKMARK [2][-]{subsection.4.2.1}{\376\377\0004\000.\0002\000.\0001\000\040\000D\000e\000t\000a\000i\000l\000e\000d\000\040\000D\000e\000s\000c\000r\000i\000p\000t\000i\000o\000n}{section.4.2}% 13
\BOOKMARK [2][-]{subsection.4.2.2}{\376\377\0004\000.\0002\000.\0002\000\040\000F\000i\000e\000l\000d\000\040\000D\000o\000c\000u\000m\000e\000n\000t\000a\000t\000i\000o\000n}{section.4.2}% 14
\BOOKMARK [3][-]{subsubsection.4.2.2.1}{\376\377\0004\000.\0002\000.\0002\000.\0001\000\040\000c\000o\000n\000t\000a\000c\000t\000o}{subsection.4.2.2}% 15
\BOOKMARK [3][-]{subsubsection.4.2.2.2}{\376\377\0004\000.\0002\000.\0002\000.\0002\000\040\000p\000r\000o\000x\000C\000o\000n\000t\000a\000c\000t\000o}{subsection.4.2.2}% 16
\BOOKMARK [1][-]{section.4.3}{\376\377\0004\000.\0003\000\040\000L\000i\000s\000t\000a\000P\000e\000s\000s\000o\000a\000\040\000S\000t\000r\000u\000c\000t\000\040\000R\000e\000f\000e\000r\000e\000n\000c\000e}{chapter.4}% 17
\BOOKMARK [2][-]{subsection.4.3.1}{\376\377\0004\000.\0003\000.\0001\000\040\000D\000e\000t\000a\000i\000l\000e\000d\000\040\000D\000e\000s\000c\000r\000i\000p\000t\000i\000o\000n}{section.4.3}% 18
\BOOKMARK [2][-]{subsection.4.3.2}{\376\377\0004\000.\0003\000.\0002\000\040\000F\000i\000e\000l\000d\000\040\000D\000o\000c\000u\000m\000e\000n\000t\000a\000t\000i\000o\000n}{section.4.3}% 19
\BOOKMARK [3][-]{subsubsection.4.3.2.1}{\376\377\0004\000.\0003\000.\0002\000.\0001\000\040\000f\000i\000c\000h\000a\000P\000e\000s\000s\000o\000a}{subsection.4.3.2}% 20
\BOOKMARK [3][-]{subsubsection.4.3.2.2}{\376\377\0004\000.\0003\000.\0002\000.\0002\000\040\000l\000i\000s\000t\000a\000C\000o\000n\000t\000a\000c\000t\000o\000s}{subsection.4.3.2}% 21
\BOOKMARK [3][-]{subsubsection.4.3.2.3}{\376\377\0004\000.\0003\000.\0002\000.\0003\000\040\000p\000r\000o\000x\000P\000e\000s\000s\000o\000a}{subsection.4.3.2}% 22
\BOOKMARK [1][-]{section.4.4}{\376\377\0004\000.\0004\000\040\000P\000e\000s\000s\000o\000a\000\040\000S\000t\000r\000u\000c\000t\000\040\000R\000e\000f\000e\000r\000e\000n\000c\000e}{chapter.4}% 23
\BOOKMARK [2][-]{subsection.4.4.1}{\376\377\0004\000.\0004\000.\0001\000\040\000D\000e\000t\000a\000i\000l\000e\000d\000\040\000D\000e\000s\000c\000r\000i\000p\000t\000i\000o\000n}{section.4.4}% 24
\BOOKMARK [2][-]{subsection.4.4.2}{\376\377\0004\000.\0004\000.\0002\000\040\000F\000i\000e\000l\000d\000\040\000D\000o\000c\000u\000m\000e\000n\000t\000a\000t\000i\000o\000n}{section.4.4}% 25
\BOOKMARK [3][-]{subsubsection.4.4.2.1}{\376\377\0004\000.\0004\000.\0002\000.\0001\000\040\000n\000c}{subsection.4.4.2}% 26
\BOOKMARK [3][-]{subsubsection.4.4.2.2}{\376\377\0004\000.\0004\000.\0002\000.\0002\000\040\000n\000o\000m\000e}{subsection.4.4.2}% 27
\BOOKMARK [1][-]{section.4.5}{\376\377\0004\000.\0005\000\040\000T\000o\000d\000a\000I\000n\000f\000o\000r\000m\000a\000c\000a\000o\000P\000e\000s\000s\000o\000a\000\040\000S\000t\000r\000u\000c\000t\000\040\000R\000e\000f\000e\000r\000e\000n\000c\000e}{chapter.4}% 28
\BOOKMARK [2][-]{subsection.4.5.1}{\376\377\0004\000.\0005\000.\0001\000\040\000D\000e\000t\000a\000i\000l\000e\000d\000\040\000D\000e\000s\000c\000r\000i\000p\000t\000i\000o\000n}{section.4.5}% 29
\BOOKMARK [2][-]{subsection.4.5.2}{\376\377\0004\000.\0005\000.\0002\000\040\000F\000i\000e\000l\000d\000\040\000D\000o\000c\000u\000m\000e\000n\000t\000a\000t\000i\000o\000n}{section.4.5}% 30
\BOOKMARK [3][-]{subsubsection.4.5.2.1}{\376\377\0004\000.\0005\000.\0002\000.\0001\000\040\000c\000o\000n\000t\000a\000c\000t\000o}{subsection.4.5.2}% 31
\BOOKMARK [3][-]{subsubsection.4.5.2.2}{\376\377\0004\000.\0005\000.\0002\000.\0002\000\040\000n\000c}{subsection.4.5.2}% 32
\BOOKMARK [0][-]{chapter.5}{\376\377\0005\000\040\000F\000i\000l\000e\000\040\000D\000o\000c\000u\000m\000e\000n\000t\000a\000t\000i\000o\000n}{}% 33
\BOOKMARK [1][-]{section.5.1}{\376\377\0005\000.\0001\000\040\000D\000:\000/\000T\000e\000m\000p\000/\000P\000R\000O\000G\000-\000E\000G\000I\000/\000A\000u\000l\000a\000s\000/\000G\000e\000r\000e\000C\000o\000n\000t\000a\000c\000t\000o\000s\000/\000C\000o\000n\000t\000a\000c\000t\000o\000s\000.\000c\000\040\000F\000i\000l\000e\000\040\000R\000e\000f\000e\000r\000e\000n\000c\000e}{chapter.5}% 34
\BOOKMARK [2][-]{subsection.5.1.1}{\376\377\0005\000.\0001\000.\0001\000\040\000D\000e\000t\000a\000i\000l\000e\000d\000\040\000D\000e\000s\000c\000r\000i\000p\000t\000i\000o\000n}{section.5.1}% 35
\BOOKMARK [2][-]{subsection.5.1.2}{\376\377\0005\000.\0001\000.\0002\000\040\000F\000u\000n\000c\000t\000i\000o\000n\000\040\000D\000o\000c\000u\000m\000e\000n\000t\000a\000t\000i\000o\000n}{section.5.1}% 36
\BOOKMARK [3][-]{subsubsection.5.1.2.1}{\376\377\0005\000.\0001\000.\0002\000.\0001\000\040\000C\000r\000i\000a\000C\000o\000n\000t\000a\000c\000t\000o\000\050\000\051}{subsection.5.1.2}% 37
\BOOKMARK [3][-]{subsubsection.5.1.2.2}{\376\377\0005\000.\0001\000.\0002\000.\0002\000\040\000C\000r\000i\000a\000N\000o\000d\000o\000L\000i\000s\000t\000a\000C\000o\000n\000t\000a\000c\000t\000o\000s\000\050\000\051}{subsection.5.1.2}% 38
\BOOKMARK [3][-]{subsubsection.5.1.2.3}{\376\377\0005\000.\0001\000.\0002\000.\0003\000\040\000I\000n\000s\000e\000r\000e\000C\000o\000n\000t\000a\000c\000t\000o\000L\000i\000s\000t\000a\000C\000o\000n\000t\000a\000c\000t\000o\000s\000\050\000\051}{subsection.5.1.2}% 39
\BOOKMARK [3][-]{subsubsection.5.1.2.4}{\376\377\0005\000.\0001\000.\0002\000.\0004\000\040\000M\000o\000s\000t\000r\000a\000C\000o\000n\000t\000a\000c\000t\000o\000s\000\050\000\051}{subsection.5.1.2}% 40
\BOOKMARK [1][-]{section.5.2}{\376\377\0005\000.\0002\000\040\000C\000o\000n\000t\000a\000c\000t\000o\000s\000.\000c}{chapter.5}% 41
\BOOKMARK [1][-]{section.5.3}{\376\377\0005\000.\0003\000\040\000D\000:\000/\000T\000e\000m\000p\000/\000P\000R\000O\000G\000-\000E\000G\000I\000/\000A\000u\000l\000a\000s\000/\000G\000e\000r\000e\000C\000o\000n\000t\000a\000c\000t\000o\000s\000/\000C\000o\000n\000t\000a\000t\000o\000s\000.\000h\000\040\000F\000i\000l\000e\000\040\000R\000e\000f\000e\000r\000e\000n\000c\000e}{chapter.5}% 42
\BOOKMARK [2][-]{subsection.5.3.1}{\376\377\0005\000.\0003\000.\0001\000\040\000M\000a\000c\000r\000o\000\040\000D\000e\000f\000i\000n\000i\000t\000i\000o\000n\000\040\000D\000o\000c\000u\000m\000e\000n\000t\000a\000t\000i\000o\000n}{section.5.3}% 43
\BOOKMARK [3][-]{subsubsection.5.3.1.1}{\376\377\0005\000.\0003\000.\0001\000.\0001\000\040\000M}{subsection.5.3.1}% 44
\BOOKMARK [3][-]{subsubsection.5.3.1.2}{\376\377\0005\000.\0003\000.\0001\000.\0002\000\040\000N}{subsection.5.3.1}% 45
\BOOKMARK [2][-]{subsection.5.3.2}{\376\377\0005\000.\0003\000.\0002\000\040\000T\000y\000p\000e\000d\000e\000f\000\040\000D\000o\000c\000u\000m\000e\000n\000t\000a\000t\000i\000o\000n}{section.5.3}% 46
\BOOKMARK [3][-]{subsubsection.5.3.2.1}{\376\377\0005\000.\0003\000.\0002\000.\0001\000\040\000C\000o\000n\000t\000a\000c\000t\000o}{subsection.5.3.2}% 47
\BOOKMARK [3][-]{subsubsection.5.3.2.2}{\376\377\0005\000.\0003\000.\0002\000.\0002\000\040\000L\000i\000s\000t\000a\000C\000o\000n\000t\000a\000c\000t\000o\000s}{subsection.5.3.2}% 48
\BOOKMARK [2][-]{subsection.5.3.3}{\376\377\0005\000.\0003\000.\0003\000\040\000F\000u\000n\000c\000t\000i\000o\000n\000\040\000D\000o\000c\000u\000m\000e\000n\000t\000a\000t\000i\000o\000n}{section.5.3}% 49
\BOOKMARK [3][-]{subsubsection.5.3.3.1}{\376\377\0005\000.\0003\000.\0003\000.\0001\000\040\000C\000r\000i\000a\000C\000o\000n\000t\000a\000c\000t\000o\000\050\000\051}{subsection.5.3.3}% 50
\BOOKMARK [3][-]{subsubsection.5.3.3.2}{\376\377\0005\000.\0003\000.\0003\000.\0002\000\040\000C\000r\000i\000a\000N\000o\000d\000o\000L\000i\000s\000t\000a\000C\000o\000n\000t\000a\000c\000t\000o\000s\000\050\000\051}{subsection.5.3.3}% 51
\BOOKMARK [3][-]{subsubsection.5.3.3.3}{\376\377\0005\000.\0003\000.\0003\000.\0003\000\040\000I\000n\000s\000e\000r\000e\000C\000o\000n\000t\000a\000c\000t\000o\000L\000i\000s\000t\000a\000C\000o\000n\000t\000a\000c\000t\000o\000s\000\050\000\051}{subsection.5.3.3}% 52
\BOOKMARK [3][-]{subsubsection.5.3.3.4}{\376\377\0005\000.\0003\000.\0003\000.\0004\000\040\000M\000o\000s\000t\000r\000a\000C\000o\000n\000t\000a\000c\000t\000o\000s\000\050\000\051}{subsection.5.3.3}% 53
\BOOKMARK [1][-]{section.5.4}{\376\377\0005\000.\0004\000\040\000C\000o\000n\000t\000a\000t\000o\000s\000.\000h}{chapter.5}% 54
\BOOKMARK [1][-]{section.5.5}{\376\377\0005\000.\0005\000\040\000D\000:\000/\000T\000e\000m\000p\000/\000P\000R\000O\000G\000-\000E\000G\000I\000/\000A\000u\000l\000a\000s\000/\000G\000e\000r\000e\000C\000o\000n\000t\000a\000c\000t\000o\000s\000/\000M\000a\000i\000n\000.\000c\000\040\000F\000i\000l\000e\000\040\000R\000e\000f\000e\000r\000e\000n\000c\000e}{chapter.5}% 55
\BOOKMARK [2][-]{subsection.5.5.1}{\376\377\0005\000.\0005\000.\0001\000\040\000F\000u\000n\000c\000t\000i\000o\000n\000\040\000D\000o\000c\000u\000m\000e\000n\000t\000a\000t\000i\000o\000n}{section.5.5}% 56
\BOOKMARK [3][-]{subsubsection.5.5.1.1}{\376\377\0005\000.\0005\000.\0001\000.\0001\000\040\000m\000a\000i\000n\000\050\000\051}{subsection.5.5.1}% 57
\BOOKMARK [1][-]{section.5.6}{\376\377\0005\000.\0006\000\040\000M\000a\000i\000n\000.\000c}{chapter.5}% 58
\BOOKMARK [1][-]{section.5.7}{\376\377\0005\000.\0007\000\040\000D\000:\000/\000T\000e\000m\000p\000/\000P\000R\000O\000G\000-\000E\000G\000I\000/\000A\000u\000l\000a\000s\000/\000G\000e\000r\000e\000C\000o\000n\000t\000a\000c\000t\000o\000s\000/\000P\000e\000s\000s\000o\000a\000.\000h\000\040\000F\000i\000l\000e\000\040\000R\000e\000f\000e\000r\000e\000n\000c\000e}{chapter.5}% 59
\BOOKMARK [2][-]{subsection.5.7.1}{\376\377\0005\000.\0007\000.\0001\000\040\000D\000e\000t\000a\000i\000l\000e\000d\000\040\000D\000e\000s\000c\000r\000i\000p\000t\000i\000o\000n}{section.5.7}% 60
\BOOKMARK [2][-]{subsection.5.7.2}{\376\377\0005\000.\0007\000.\0002\000\040\000M\000a\000c\000r\000o\000\040\000D\000e\000f\000i\000n\000i\000t\000i\000o\000n\000\040\000D\000o\000c\000u\000m\000e\000n\000t\000a\000t\000i\000o\000n}{section.5.7}% 61
\BOOKMARK [3][-]{subsubsection.5.7.2.1}{\376\377\0005\000.\0007\000.\0002\000.\0001\000\040\000M}{subsection.5.7.2}% 62
\BOOKMARK [2][-]{subsection.5.7.3}{\376\377\0005\000.\0007\000.\0003\000\040\000T\000y\000p\000e\000d\000e\000f\000\040\000D\000o\000c\000u\000m\000e\000n\000t\000a\000t\000i\000o\000n}{section.5.7}% 63
\BOOKMARK [3][-]{subsubsection.5.7.3.1}{\376\377\0005\000.\0007\000.\0003\000.\0001\000\040\000C\000O\000N\000T\000R\000O\000L\000E\000R\000R\000O\000R}{subsection.5.7.3}% 64
\BOOKMARK [3][-]{subsubsection.5.7.3.2}{\376\377\0005\000.\0007\000.\0003\000.\0002\000\040\000L\000i\000s\000t\000a\000P\000e\000s\000s\000o\000a}{subsection.5.7.3}% 65
\BOOKMARK [3][-]{subsubsection.5.7.3.3}{\376\377\0005\000.\0007\000.\0003\000.\0003\000\040\000P\000e\000s\000s\000o\000a}{subsection.5.7.3}% 66
\BOOKMARK [3][-]{subsubsection.5.7.3.4}{\376\377\0005\000.\0007\000.\0003\000.\0004\000\040\000T\000o\000d\000a\000I\000n\000f\000o\000r\000m\000a\000c\000a\000o\000P\000e\000s\000s\000o\000a}{subsection.5.7.3}% 67
\BOOKMARK [2][-]{subsection.5.7.4}{\376\377\0005\000.\0007\000.\0004\000\040\000E\000n\000u\000m\000e\000r\000a\000t\000i\000o\000n\000\040\000T\000y\000p\000e\000\040\000D\000o\000c\000u\000m\000e\000n\000t\000a\000t\000i\000o\000n}{section.5.7}% 68
\BOOKMARK [3][-]{subsubsection.5.7.4.1}{\376\377\0005\000.\0007\000.\0004\000.\0001\000\040\000C\000O\000N\000T\000R\000O\000L\000E\000R\000R\000O\000R}{subsection.5.7.4}% 69
\BOOKMARK [2][-]{subsection.5.7.5}{\376\377\0005\000.\0007\000.\0005\000\040\000F\000u\000n\000c\000t\000i\000o\000n\000\040\000D\000o\000c\000u\000m\000e\000n\000t\000a\000t\000i\000o\000n}{section.5.7}% 70
\BOOKMARK [3][-]{subsubsection.5.7.5.1}{\376\377\0005\000.\0007\000.\0005\000.\0001\000\040\000C\000r\000i\000a\000L\000i\000s\000t\000a\000\050\000\051}{subsection.5.7.5}% 71
\BOOKMARK [3][-]{subsubsection.5.7.5.2}{\376\377\0005\000.\0007\000.\0005\000.\0002\000\040\000C\000r\000i\000a\000N\000o\000d\000o\000L\000i\000s\000t\000a\000P\000e\000s\000s\000o\000a\000s\000\050\000\051}{subsection.5.7.5}% 72
\BOOKMARK [3][-]{subsubsection.5.7.5.3}{\376\377\0005\000.\0007\000.\0005\000.\0003\000\040\000C\000r\000i\000a\000P\000e\000s\000s\000o\000a\000\050\000\051}{subsection.5.7.5}% 73
\BOOKMARK [3][-]{subsubsection.5.7.5.4}{\376\377\0005\000.\0007\000.\0005\000.\0004\000\040\000G\000e\000t\000A\000l\000l\000C\000o\000n\000t\000a\000c\000t\000s\000\050\000\051}{subsection.5.7.5}% 74
\BOOKMARK [3][-]{subsubsection.5.7.5.5}{\376\377\0005\000.\0007\000.\0005\000.\0005\000\040\000G\000e\000t\000A\000l\000l\000P\000e\000s\000s\000o\000a\000s\000\050\000\051}{subsection.5.7.5}% 75
\BOOKMARK [3][-]{subsubsection.5.7.5.6}{\376\377\0005\000.\0007\000.\0005\000.\0006\000\040\000G\000e\000t\000D\000a\000t\000a\000\050\000\051}{subsection.5.7.5}% 76
\BOOKMARK [3][-]{subsubsection.5.7.5.7}{\376\377\0005\000.\0007\000.\0005\000.\0007\000\040\000I\000n\000s\000e\000r\000e\000C\000o\000n\000t\000a\000c\000t\000o\000P\000e\000s\000s\000o\000a\000\050\000\051}{subsection.5.7.5}% 77
\BOOKMARK [3][-]{subsubsection.5.7.5.8}{\376\377\0005\000.\0007\000.\0005\000.\0008\000\040\000I\000n\000s\000e\000r\000e\000P\000e\000s\000s\000o\000a\000L\000i\000s\000t\000a\000P\000e\000s\000s\000o\000a\000s\000\050\000\051}{subsection.5.7.5}% 78
\BOOKMARK [3][-]{subsubsection.5.7.5.9}{\376\377\0005\000.\0007\000.\0005\000.\0009\000\040\000M\000o\000s\000t\000r\000a\000C\000o\000n\000t\000a\000c\000t\000o\000s\000P\000e\000s\000s\000o\000a\000\050\000\051}{subsection.5.7.5}% 79
\BOOKMARK [3][-]{subsubsection.5.7.5.10}{\376\377\0005\000.\0007\000.\0005\000.\0001\0000\000\040\000M\000o\000s\000t\000r\000a\000T\000o\000d\000a\000s\000P\000e\000s\000s\000o\000a\000s\000\050\000\051}{subsection.5.7.5}% 80
\BOOKMARK [3][-]{subsubsection.5.7.5.11}{\376\377\0005\000.\0007\000.\0005\000.\0001\0001\000\040\000P\000r\000o\000c\000u\000r\000a\000P\000e\000s\000s\000o\000a\000\050\000\051}{subsection.5.7.5}% 81
\BOOKMARK [3][-]{subsubsection.5.7.5.12}{\376\377\0005\000.\0007\000.\0005\000.\0001\0002\000\040\000S\000a\000v\000e\000A\000l\000l\000\050\000\051}{subsection.5.7.5}% 82
\BOOKMARK [3][-]{subsubsection.5.7.5.13}{\376\377\0005\000.\0007\000.\0005\000.\0001\0003\000\040\000S\000a\000v\000e\000P\000e\000s\000s\000o\000a\000s\000\050\000\051}{subsection.5.7.5}% 83
\BOOKMARK [1][-]{section.5.8}{\376\377\0005\000.\0008\000\040\000P\000e\000s\000s\000o\000a\000.\000h}{chapter.5}% 84
\BOOKMARK [1][-]{section.5.9}{\376\377\0005\000.\0009\000\040\000D\000:\000/\000T\000e\000m\000p\000/\000P\000R\000O\000G\000-\000E\000G\000I\000/\000A\000u\000l\000a\000s\000/\000G\000e\000r\000e\000C\000o\000n\000t\000a\000c\000t\000o\000s\000/\000P\000e\000s\000s\000o\000a\000s\000.\000c\000\040\000F\000i\000l\000e\000\040\000R\000e\000f\000e\000r\000e\000n\000c\000e}{chapter.5}% 85
\BOOKMARK [2][-]{subsection.5.9.1}{\376\377\0005\000.\0009\000.\0001\000\040\000D\000e\000t\000a\000i\000l\000e\000d\000\040\000D\000e\000s\000c\000r\000i\000p\000t\000i\000o\000n}{section.5.9}% 86
\BOOKMARK [2][-]{subsection.5.9.2}{\376\377\0005\000.\0009\000.\0002\000\040\000M\000a\000c\000r\000o\000\040\000D\000e\000f\000i\000n\000i\000t\000i\000o\000n\000\040\000D\000o\000c\000u\000m\000e\000n\000t\000a\000t\000i\000o\000n}{section.5.9}% 87
\BOOKMARK [3][-]{subsubsection.5.9.2.1}{\376\377\0005\000.\0009\000.\0002\000.\0001\000\040\000M\000A\000X}{subsection.5.9.2}% 88
\BOOKMARK [2][-]{subsection.5.9.3}{\376\377\0005\000.\0009\000.\0003\000\040\000F\000u\000n\000c\000t\000i\000o\000n\000\040\000D\000o\000c\000u\000m\000e\000n\000t\000a\000t\000i\000o\000n}{section.5.9}% 89
\BOOKMARK [3][-]{subsubsection.5.9.3.1}{\376\377\0005\000.\0009\000.\0003\000.\0001\000\040\000C\000r\000i\000a\000L\000i\000s\000t\000a\000\050\000\051}{subsection.5.9.3}% 90
\BOOKMARK [3][-]{subsubsection.5.9.3.2}{\376\377\0005\000.\0009\000.\0003\000.\0002\000\040\000C\000r\000i\000a\000N\000o\000d\000o\000L\000i\000s\000t\000a\000P\000e\000s\000s\000o\000a\000s\000\050\000\051}{subsection.5.9.3}% 91
\BOOKMARK [3][-]{subsubsection.5.9.3.3}{\376\377\0005\000.\0009\000.\0003\000.\0003\000\040\000C\000r\000i\000a\000P\000e\000s\000s\000o\000a\000\050\000\051}{subsection.5.9.3}% 92
\BOOKMARK [3][-]{subsubsection.5.9.3.4}{\376\377\0005\000.\0009\000.\0003\000.\0004\000\040\000G\000e\000t\000A\000l\000l\000C\000o\000n\000t\000a\000c\000t\000s\000\050\000\051}{subsection.5.9.3}% 93
\BOOKMARK [3][-]{subsubsection.5.9.3.5}{\376\377\0005\000.\0009\000.\0003\000.\0005\000\040\000G\000e\000t\000A\000l\000l\000P\000e\000s\000s\000o\000a\000s\000\050\000\051}{subsection.5.9.3}% 94
\BOOKMARK [3][-]{subsubsection.5.9.3.6}{\376\377\0005\000.\0009\000.\0003\000.\0006\000\040\000G\000e\000t\000D\000a\000t\000a\000\050\000\051}{subsection.5.9.3}% 95
\BOOKMARK [3][-]{subsubsection.5.9.3.7}{\376\377\0005\000.\0009\000.\0003\000.\0007\000\040\000I\000n\000s\000e\000r\000e\000C\000o\000n\000t\000a\000c\000t\000o\000P\000e\000s\000s\000o\000a\000\050\000\051}{subsection.5.9.3}% 96
\BOOKMARK [3][-]{subsubsection.5.9.3.8}{\376\377\0005\000.\0009\000.\0003\000.\0008\000\040\000I\000n\000s\000e\000r\000e\000P\000e\000s\000s\000o\000a\000L\000i\000s\000t\000a\000P\000e\000s\000s\000o\000a\000s\000\050\000\051}{subsection.5.9.3}% 97
\BOOKMARK [3][-]{subsubsection.5.9.3.9}{\376\377\0005\000.\0009\000.\0003\000.\0009\000\040\000M\000o\000s\000t\000r\000a\000C\000o\000n\000t\000a\000c\000t\000o\000s\000P\000e\000s\000s\000o\000a\000\050\000\051}{subsection.5.9.3}% 98
\BOOKMARK [3][-]{subsubsection.5.9.3.10}{\376\377\0005\000.\0009\000.\0003\000.\0001\0000\000\040\000M\000o\000s\000t\000r\000a\000T\000o\000d\000a\000s\000P\000e\000s\000s\000o\000a\000s\000\050\000\051}{subsection.5.9.3}% 99
\BOOKMARK [3][-]{subsubsection.5.9.3.11}{\376\377\0005\000.\0009\000.\0003\000.\0001\0001\000\040\000P\000r\000o\000c\000u\000r\000a\000P\000e\000s\000s\000o\000a\000\050\000\051}{subsection.5.9.3}% 100
\BOOKMARK [3][-]{subsubsection.5.9.3.12}{\376\377\0005\000.\0009\000.\0003\000.\0001\0002\000\040\000S\000a\000v\000e\000A\000l\000l\000\050\000\051}{subsection.5.9.3}% 101
\BOOKMARK [3][-]{subsubsection.5.9.3.13}{\376\377\0005\000.\0009\000.\0003\000.\0001\0003\000\040\000S\000a\000v\000e\000P\000e\000s\000s\000o\000a\000s\000\050\000\051}{subsection.5.9.3}% 102
\BOOKMARK [1][-]{section.5.10}{\376\377\0005\000.\0001\0000\000\040\000P\000e\000s\000s\000o\000a\000s\000.\000c}{chapter.5}% 103
\BOOKMARK [0][-]{section*.19}{\376\377\000I\000n\000d\000e\000x}{}% 104
